<?xml version="1.0" encoding="UTF-8"?>
<!-- Generated by org.testng.reporters.JUnitReportReporter -->
<testsuite hostname="DESKTOP-V06FKDM" failures="0" tests="1" name="practice2.practice2" time="0.041" errors="0" timestamp="24 Mar 2023 07:00:53 GMT" skipped="0">
  <testcase classname="practice2.practice2" name="practiceTest" time="0.041"/>
</testsuite> <!-- practice2.practice2 -->
