<?xml version="1.0" encoding="UTF-8"?>
<!-- Generated by org.testng.reporters.JUnitReportReporter -->
<testsuite hostname="DESKTOP-V06FKDM" failures="0" tests="1" name="practice.Practice" time="0.024" errors="0" timestamp="24 Mar 2023 07:18:07 GMT" skipped="0">
  <testcase classname="practice.Practice" name="sample" time="0.024"/>
</testsuite> <!-- practice.Practice -->
