<?xml version="1.0" encoding="UTF-8"?>
<!-- Generated by org.testng.reporters.JUnitReportReporter -->
<testsuite hostname="DESKTOP-V06FKDM" failures="0" tests="1" name="practice.Practice" time="0.028" errors="0" timestamp="21 Mar 2023 07:48:18 GMT" skipped="0">
  <testcase classname="practice.Practice" name="sample" time="0.028"/>
</testsuite> <!-- practice.Practice -->
